<?xml version="1.0" encoding="UTF-8"?>
<!-- Generated by org.testng.reporters.JUnitReportReporter -->
<testsuite hostname="DESKTOP-JIP4V5I" failures="0" tests="1" name="Test.checkDotTest" time="0.000" errors="0" timestamp="26 Jan 2023 10:11:45 GMT" skipped="1">
  <testcase classname="Test.checkDotTest" name="Page" time="0.000">
    <skipped/>
  </testcase> <!-- Page -->
</testsuite> <!-- Test.checkDotTest -->
