<?xml version="1.0" encoding="UTF-8"?>
<!-- Generated by org.testng.reporters.JUnitReportReporter -->
<testsuite hostname="DESKTOP-JIP4V5I" failures="0" tests="1" name="Test.materialTest" time="26.786" errors="0" timestamp="30 Jan 2023 08:10:34 GMT" skipped="0">
  <testcase classname="Test.materialTest" name="Page" time="26.786"/>
</testsuite> <!-- Test.materialTest -->
